<?xml version="1.0" encoding="UTF-8"?>
<!-- Generated by org.testng.reporters.JUnitXMLReporter -->
<testsuite hostname="Divyas-MacBook-Pro.local" name="Default test(failed)" tests="1" failures="1" timestamp="21 Sep 2022 17:05:17 GMT" time="4.829" errors="0">
  <testcase name="lanch" time="4.789" classname="BrowserRelatedFunction.Base">
    <failure type="org.openqa.selenium.SessionNotCreatedException" message="session not created: This version of ChromeDriver only supports Chrome version 97
Current browser version is 105.0.5195.125 with binary path /Applications/Google Chrome.app/Contents/MacOS/Google Chrome
Build info: version: &amp;apos;3.141.59&amp;apos;, revision: &amp;apos;e82be7d358&amp;apos;, time: &amp;apos;2018-11-14T08:17:03&amp;apos;
System info: host: &amp;apos;Divyas-MacBook-Pro.local&amp;apos;, ip: &amp;apos;fe80:0:0:0:1c3c:cd70:99d3:a617%en0&amp;apos;, os.name: &amp;apos;Mac OS X&amp;apos;, os.arch: &amp;apos;x86_64&amp;apos;, os.version: &amp;apos;10.16&amp;apos;, java.version: &amp;apos;1.8.0_212&amp;apos;
Driver info: driver.version: ChromeDriver
remote stacktrace: 0   chromedriver                        0x000000010dcdfe69 chromedriver + 5160553
1   chromedriver                        0x000000010dc6a593 chromedriver + 4679059
2   chromedriver                        0x000000010d81e2c8 chromedriver + 172744
3   chromedriver                        0x000000010d844a93 chromedriver + 330387
4   chromedriver                        0x000000010d840636 chromedriver + 312886
5   chromedriver                        0x000000010d83ccf6 chromedriver + 298230
6   chromedriver                        0x000000010d877423 chromedriver + 537635
7   chromedriver                        0x000000010d871123 chromedriver + 512291
8   chromedriver                        0x000000010d846dce chromedriver + 339406
9   chromedriver                        0x000000010d848105 chromedriver + 344325
10  chromedriver                        0x000000010dc9b23e chromedriver + 4878910
11  chromedriver                        0x000000010dcb2d17 chromedriver + 4975895
12  chromedriver                        0x000000010dcb8a3f chromedriver + 4999743
13  chromedriver                        0x000000010dcb361a chromedriver + 4978202
14  chromedriver                        0x000000010dc8fbb1 chromedriver + 4832177
15  chromedriver                        0x000000010dccffd8 chromedriver + 5095384
16  chromedriver                        0x000000010dcd0161 chromedriver + 5095777
17  chromedriver                        0x000000010dce72a8 chromedriver + 5190312
18  libsystem_pthread.dylib             0x00007fff203498fc _pthread_start + 224
19  libsystem_pthread.dylib             0x00007fff20345443 thread_start + 15
">
      <![CDATA[org.openqa.selenium.SessionNotCreatedException: session not created: This version of ChromeDriver only supports Chrome version 97
Current browser version is 105.0.5195.125 with binary path /Applications/Google Chrome.app/Contents/MacOS/Google Chrome
Build info: version: '3.141.59', revision: 'e82be7d358', time: '2018-11-14T08:17:03'
System info: host: 'Divyas-MacBook-Pro.local', ip: 'fe80:0:0:0:1c3c:cd70:99d3:a617%en0', os.name: 'Mac OS X', os.arch: 'x86_64', os.version: '10.16', java.version: '1.8.0_212'
Driver info: driver.version: ChromeDriver
remote stacktrace: 0   chromedriver                        0x000000010dcdfe69 chromedriver + 5160553
1   chromedriver                        0x000000010dc6a593 chromedriver + 4679059
2   chromedriver                        0x000000010d81e2c8 chromedriver + 172744
3   chromedriver                        0x000000010d844a93 chromedriver + 330387
4   chromedriver                        0x000000010d840636 chromedriver + 312886
5   chromedriver                        0x000000010d83ccf6 chromedriver + 298230
6   chromedriver                        0x000000010d877423 chromedriver + 537635
7   chromedriver                        0x000000010d871123 chromedriver + 512291
8   chromedriver                        0x000000010d846dce chromedriver + 339406
9   chromedriver                        0x000000010d848105 chromedriver + 344325
10  chromedriver                        0x000000010dc9b23e chromedriver + 4878910
11  chromedriver                        0x000000010dcb2d17 chromedriver + 4975895
12  chromedriver                        0x000000010dcb8a3f chromedriver + 4999743
13  chromedriver                        0x000000010dcb361a chromedriver + 4978202
14  chromedriver                        0x000000010dc8fbb1 chromedriver + 4832177
15  chromedriver                        0x000000010dccffd8 chromedriver + 5095384
16  chromedriver                        0x000000010dcd0161 chromedriver + 5095777
17  chromedriver                        0x000000010dce72a8 chromedriver + 5190312
18  libsystem_pthread.dylib             0x00007fff203498fc _pthread_start + 224
19  libsystem_pthread.dylib             0x00007fff20345443 thread_start + 15

	at org.openqa.selenium.remote.W3CHandshakeResponse.lambda$errorHandler$0(W3CHandshakeResponse.java:62)
	at org.openqa.selenium.remote.HandshakeResponse.lambda$getResponseFunction$0(HandshakeResponse.java:30)
	at org.openqa.selenium.remote.ProtocolHandshake.lambda$createSession$0(ProtocolHandshake.java:126)
	at java.util.stream.ReferencePipeline$3$1.accept(ReferencePipeline.java:193)
	at java.util.Spliterators$ArraySpliterator.tryAdvance(Spliterators.java:958)
	at java.util.stream.ReferencePipeline.forEachWithCancel(ReferencePipeline.java:126)
	at java.util.stream.AbstractPipeline.copyIntoWithCancel(AbstractPipeline.java:498)
	at java.util.stream.AbstractPipeline.copyInto(AbstractPipeline.java:485)
	at java.util.stream.AbstractPipeline.wrapAndCopyInto(AbstractPipeline.java:471)
	at java.util.stream.FindOps$FindOp.evaluateSequential(FindOps.java:152)
	at java.util.stream.AbstractPipeline.evaluate(AbstractPipeline.java:234)
	at java.util.stream.ReferencePipeline.findFirst(ReferencePipeline.java:464)
	at org.openqa.selenium.remote.ProtocolHandshake.createSession(ProtocolHandshake.java:128)
	at org.openqa.selenium.remote.ProtocolHandshake.createSession(ProtocolHandshake.java:74)
	at org.openqa.selenium.remote.HttpCommandExecutor.execute(HttpCommandExecutor.java:136)
	at org.openqa.selenium.remote.service.DriverCommandExecutor.execute(DriverCommandExecutor.java:83)
	at org.openqa.selenium.remote.RemoteWebDriver.execute(RemoteWebDriver.java:552)
	at org.openqa.selenium.remote.RemoteWebDriver.startSession(RemoteWebDriver.java:213)
	at org.openqa.selenium.remote.RemoteWebDriver.<init>(RemoteWebDriver.java:131)
	at org.openqa.selenium.chrome.ChromeDriver.<init>(ChromeDriver.java:181)
	at org.openqa.selenium.chrome.ChromeDriver.<init>(ChromeDriver.java:168)
	at org.openqa.selenium.chrome.ChromeDriver.<init>(ChromeDriver.java:123)
	at BrowserRelatedFunction.Base.lanch(Base.java:14)
... Removed 28 stack frames]]>
    </failure>
  </testcase> <!-- lanch -->
</testsuite> <!-- Default test(failed) -->
